<?xml version="1.0" encoding="UTF-8"?>
<!-- Generated by org.testng.reporters.JUnitXMLReporter -->
<testsuite hostname="ASDP1725po02529" name="Test-1" tests="2" failures="0" timestamp="30 Aug 2017 06:23:33 GMT" time="39.839" errors="0">
  <testcase name="sendingMails" time="39.142" classname="com.tests.DataProvidersTest"/>
  <testcase name="sendingMails" time="39.313" classname="com.tests.DataProvidersTest"/>
</testsuite> <!-- Test-1 -->
