<?xml version="1.0" encoding="UTF-8"?>
<!-- Generated by org.testng.reporters.JUnitXMLReporter -->
<testsuite hostname="ASDP1725po02529" name="Test-1" tests="2" failures="0" timestamp="28 Aug 2017 09:14:33 GMT" time="36.358" errors="0">
  <testcase name="sendingMails" time="34.488" classname="com.connections.DataProviders"/>
  <testcase name="sendingMails" time="35.822" classname="com.connections.DataProviders"/>
</testsuite> <!-- Test-1 -->
