<?xml version="1.0" encoding="UTF-8"?>
<!-- Generated by org.testng.reporters.JUnitReportReporter -->
<testsuite hostname="ASDP1725po02529" name="com.tests.DataProvidersTest" tests="2" failures="0" timestamp="30 Aug 2017 06:23:33 GMT" time="78.455" errors="0">
  <testcase name="sendingMails" time="39.142" classname="com.tests.DataProvidersTest"/>
  <testcase name="sendingMails" time="39.313" classname="com.tests.DataProvidersTest"/>
</testsuite> <!-- com.tests.DataProvidersTest -->
