<?xml version="1.0" encoding="UTF-8"?>
<!-- Generated by org.testng.reporters.JUnitReportReporter -->
<testsuite hostname="ASDP1725po02529" name="com.connections.DataProviders" tests="2" failures="0" timestamp="30 Aug 2017 06:09:17 GMT" time="66.838" errors="0">
  <testcase name="sendingMails" time="30.759" classname="com.connections.DataProviders"/>
  <testcase name="sendingMails" time="36.079" classname="com.connections.DataProviders"/>
</testsuite> <!-- com.connections.DataProviders -->
