<?xml version="1.0" encoding="UTF-8"?>
<!-- Generated by org.testng.reporters.JUnitReportReporter -->
<testsuite hostname="ASDP1725po02529" name="com.connections.DataProviders" tests="2" failures="0" timestamp="28 Aug 2017 09:14:33 GMT" time="70.310" errors="0">
  <testcase name="sendingMails" time="34.488" classname="com.connections.DataProviders"/>
  <testcase name="sendingMails" time="35.822" classname="com.connections.DataProviders"/>
</testsuite> <!-- com.connections.DataProviders -->
